# JRE version: Java(TM) SE Runtime Environment (8.0_20-b26) (build 1.8.0_20-b26)
# Java VM: Java HotSpot(TM) 64-Bit Server VM (25.20-b23 mixed mode bsd-amd64 compressed oops)
Heap:
 PSYoungGen      total 17920K, used 10462K [0x0000000141b00000, 0x0000000142e00000, 0x0000000157000000)
  eden space 16384K, 57% used [0x0000000141b00000,0x0000000142433b88,0x0000000142b00000)
  from space 1536K, 67% used [0x0000000142c80000,0x0000000142d84010,0x0000000142e00000)
  to   space 1536K, 0% used [0x0000000142b00000,0x0000000142b00000,0x0000000142c80000)
 ParOldGen       total 44032K, used 32K [0x0000000117000000, 0x0000000119b00000, 0x0000000141b00000)
  object space 44032K, 0% used [0x0000000117000000,0x0000000117008000,0x0000000119b00000)
 Metaspace       used 5660K, capacity 5781K, committed 6016K, reserved 1056768K
  class space    used 569K, capacity 629K, committed 640K, reserved 1048576K
GC Heap History (10 events):
Event: 10.633 GC heap before
{Heap before GC invocations=2 (full 0):
 PSYoungGen      total 18944K, used 17907K [0x0000000141b00000, 0x0000000143000000, 0x0000000157000000)
  eden space 16384K, 100% used [0x0000000141b00000,0x0000000142b00000,0x0000000142b00000)
  from space 2560K, 59% used [0x0000000142b00000,0x0000000142c7cd40,0x0000000142d80000)
  to   space 2560K, 0% used [0x0000000142d80000,0x0000000142d80000,0x0000000143000000)
 ParOldGen       total 44032K, used 8K [0x0000000117000000, 0x0000000119b00000, 0x0000000141b00000)
  object space 44032K, 0% used [0x0000000117000000,0x0000000117002000,0x0000000119b00000)
 Metaspace       used 5653K, capacity 5781K, committed 6016K, reserved 1056768K
  class space    used 569K, capacity 629K, committed 640K, reserved 1048576K
Event: 10.637 GC heap after
Heap after GC invocations=2 (full 0):
 PSYoungGen      total 18944K, used 1040K [0x0000000141b00000, 0x0000000143000000, 0x0000000157000000)
  eden space 16384K, 0% used [0x0000000141b00000,0x0000000141b00000,0x0000000142b00000)
  from space 2560K, 40% used [0x0000000142d80000,0x0000000142e84010,0x0000000143000000)
  to   space 2560K, 0% used [0x0000000142b00000,0x0000000142b00000,0x0000000142d80000)
 ParOldGen       total 44032K, used 16K [0x0000000117000000, 0x0000000119b00000, 0x0000000141b00000)
  object space 44032K, 0% used [0x0000000117000000,0x0000000117004000,0x0000000119b00000)
 Metaspace       used 5653K, capacity 5781K, committed 6016K, reserved 1056768K
  class space    used 569K, capacity 629K, committed 640K, reserved 1048576K
}
Event: 16.773 GC heap before
{Heap before GC invocations=3 (full 0):
 PSYoungGen      total 18944K, used 17424K [0x0000000141b00000, 0x0000000143000000, 0x0000000157000000)
  eden space 16384K, 100% used [0x0000000141b00000,0x0000000142b00000,0x0000000142b00000)
  from space 2560K, 40% used [0x0000000142d80000,0x0000000142e84010,0x0000000143000000)
  to   space 2560K, 0% used [0x0000000142b00000,0x0000000142b00000,0x0000000142d80000)
 ParOldGen       total 44032K, used 16K [0x0000000117000000, 0x0000000119b00000, 0x0000000141b00000)
  object space 44032K, 0% used [0x0000000117000000,0x0000000117004000,0x0000000119b00000)
 Metaspace       used 5653K, capacity 5781K, committed 6016K, reserved 1056768K
  class space    used 569K, capacity 629K, committed 640K, reserved 1048576K
Event: 16.776 GC heap after
Heap after GC invocations=3 (full 0):
 PSYoungGen      total 18944K, used 1008K [0x0000000141b00000, 0x0000000143000000, 0x0000000157000000)
  eden space 16384K, 0% used [0x0000000141b00000,0x0000000141b00000,0x0000000142b00000)
  from space 2560K, 39% used [0x0000000142b00000,0x0000000142bfc010,0x0000000142d80000)
  to   space 2560K, 0% used [0x0000000142d80000,0x0000000142d80000,0x0000000143000000)
 ParOldGen       total 44032K, used 24K [0x0000000117000000, 0x0000000119b00000, 0x0000000141b00000)
  object space 44032K, 0% used [0x0000000117000000,0x0000000117006000,0x0000000119b00000)
 Metaspace       used 5653K, capacity 5781K, committed 6016K, reserved 1056768K
  class space    used 569K, capacity 629K, committed 640K, reserved 1048576K
}
Event: 24.834 GC heap before
{Heap before GC invocations=4 (full 0):
 PSYoungGen      total 18944K, used 17392K [0x0000000141b00000, 0x0000000143000000, 0x0000000157000000)
  eden space 16384K, 100% used [0x0000000141b00000,0x0000000142b00000,0x0000000142b00000)
  from space 2560K, 39% used [0x0000000142b00000,0x0000000142bfc010,0x0000000142d80000)
  to   space 2560K, 0% used [0x0000000142d80000,0x0000000142d80000,0x0000000143000000)
 ParOldGen       total 44032K, used 24K [0x0000000117000000, 0x0000000119b00000, 0x0000000141b00000)
  object space 44032K, 0% used [0x0000000117000000,0x0000000117006000,0x0000000119b00000)
 Metaspace       used 5653K, capacity 5781K, committed 6016K, reserved 1056768K
  class space    used 569K, capacity 629K, committed 640K, reserved 1048576K
Event: 24.836 GC heap after
Heap after GC invocations=4 (full 0):
 PSYoungGen      total 18944K, used 1040K [0x0000000141b00000, 0x0000000143000000, 0x0000000157000000)
  eden space 16384K, 0% used [0x0000000141b00000,0x0000000141b00000,0x0000000142b00000)
  from space 2560K, 40% used [0x0000000142d80000,0x0000000142e84010,0x0000000143000000)
  to   space 2560K, 0% used [0x0000000142b00000,0x0000000142b00000,0x0000000142d80000)
 ParOldGen       total 44032K, used 24K [0x0000000117000000, 0x0000000119b00000, 0x0000000141b00000)
  object space 44032K, 0% used [0x0000000117000000,0x0000000117006000,0x0000000119b00000)
 Metaspace       used 5653K, capacity 5781K, committed 6016K, reserved 1056768K
  class space    used 569K, capacity 629K, committed 640K, reserved 1048576K
}
Event: 32.548 GC heap before
{Heap before GC invocations=5 (full 0):
 PSYoungGen      total 18944K, used 17424K [0x0000000141b00000, 0x0000000143000000, 0x0000000157000000)
  eden space 16384K, 100% used [0x0000000141b00000,0x0000000142b00000,0x0000000142b00000)
  from space 2560K, 40% used [0x0000000142d80000,0x0000000142e84010,0x0000000143000000)
  to   space 2560K, 0% used [0x0000000142b00000,0x0000000142b00000,0x0000000142d80000)
 ParOldGen       total 44032K, used 24K [0x0000000117000000, 0x0000000119b00000, 0x0000000141b00000)
  object space 44032K, 0% used [0x0000000117000000,0x0000000117006000,0x0000000119b00000)
 Metaspace       used 5653K, capacity 5781K, committed 6016K, reserved 1056768K
  class space    used 569K, capacity 629K, committed 640K, reserved 1048576K
Event: 32.551 GC heap after
Heap after GC invocations=5 (full 0):
 PSYoungGen      total 17920K, used 1056K [0x0000000141b00000, 0x0000000142e00000, 0x0000000157000000)
  eden space 16384K, 0% used [0x0000000141b00000,0x0000000141b00000,0x0000000142b00000)
  from space 1536K, 68% used [0x0000000142b00000,0x0000000142c08000,0x0000000142c80000)
  to   space 1536K, 0% used [0x0000000142c80000,0x0000000142c80000,0x0000000142e00000)
 ParOldGen       total 44032K, used 32K [0x0000000117000000, 0x0000000119b00000, 0x0000000141b00000)
  object space 44032K, 0% used [0x0000000117000000,0x0000000117008000,0x0000000119b00000)
 Metaspace       used 5653K, capacity 5781K, committed 6016K, reserved 1056768K
  class space    used 569K, capacity 629K, committed 640K, reserved 1048576K
}
Event: 40.742 GC heap before
{Heap before GC invocations=6 (full 0):
 PSYoungGen      total 17920K, used 17440K [0x0000000141b00000, 0x0000000142e00000, 0x0000000157000000)
  eden space 16384K, 100% used [0x0000000141b00000,0x0000000142b00000,0x0000000142b00000)
  from space 1536K, 68% used [0x0000000142b00000,0x0000000142c08000,0x0000000142c80000)
  to   space 1536K, 0% used [0x0000000142c80000,0x0000000142c80000,0x0000000142e00000)
 ParOldGen       total 44032K, used 32K [0x0000000117000000, 0x0000000119b00000, 0x0000000141b00000)
  object space 44032K, 0% used [0x0000000117000000,0x0000000117008000,0x0000000119b00000)
 Metaspace       used 5654K, capacity 5781K, committed 6016K, reserved 1056768K
  class space    used 569K, capacity 629K, committed 640K, reserved 1048576K
Event: 40.746 GC heap after
Heap after GC invocations=6 (full 0):
 PSYoungGen      total 17920K, used 1040K [0x0000000141b00000, 0x0000000142e00000, 0x0000000157000000)
  eden space 16384K, 0% used [0x0000000141b00000,0x0000000141b00000,0x0000000142b00000)
  from space 1536K, 67% used [0x0000000142c80000,0x0000000142d84010,0x0000000142e00000)
  to   space 1536K, 0% used [0x0000000142b00000,0x0000000142b00000,0x0000000142c80000)
 ParOldGen       total 44032K, used 32K [0x0000000117000000, 0x0000000119b00000, 0x0000000141b00000)
  object space 44032K, 0% used [0x0000000117000000,0x0000000117008000,0x0000000119b00000)
 Metaspace       used 5654K, capacity 5781K, committed 6016K, reserved 1056768K
  class space    used 569K, capacity 629K, committed 640K, reserved 1048576K
}

